[2023-11-27 14:28:41,655] {taskinstance.py:1159} INFO - Dependencies all met for <TaskInstance: d_1_etl_FinalProject.get_data_from_api manual__2023-11-27T14:17:35.380197+00:00 [queued]>
[2023-11-27 14:28:41,669] {taskinstance.py:1159} INFO - Dependencies all met for <TaskInstance: d_1_etl_FinalProject.get_data_from_api manual__2023-11-27T14:17:35.380197+00:00 [queued]>
[2023-11-27 14:28:41,670] {taskinstance.py:1356} INFO - 
--------------------------------------------------------------------------------
[2023-11-27 14:28:41,670] {taskinstance.py:1357} INFO - Starting attempt 3 of 3
[2023-11-27 14:28:41,671] {taskinstance.py:1358} INFO - 
--------------------------------------------------------------------------------
[2023-11-27 14:28:41,700] {taskinstance.py:1377} INFO - Executing <Task(PythonOperator): get_data_from_api> on 2023-11-27 14:17:35.380197+00:00
[2023-11-27 14:28:41,712] {standard_task_runner.py:52} INFO - Started process 2802 to run task
[2023-11-27 14:28:41,720] {standard_task_runner.py:79} INFO - Running: ['***', 'tasks', 'run', 'd_1_etl_FinalProject', 'get_data_from_api', 'manual__2023-11-27T14:17:35.380197+00:00', '--job-id', '60', '--raw', '--subdir', 'DAGS_FOLDER/d_1_etl_FinalProject.py', '--cfg-path', '/tmp/tmper_byt_p', '--error-file', '/tmp/tmpm4ehh496']
[2023-11-27 14:28:41,722] {standard_task_runner.py:80} INFO - Job 60: Subtask get_data_from_api
[2023-11-27 14:28:41,822] {task_command.py:369} INFO - Running <TaskInstance: d_1_etl_FinalProject.get_data_from_api manual__2023-11-27T14:17:35.380197+00:00 [running]> on host 92ab6769debf
[2023-11-27 14:28:41,915] {taskinstance.py:1571} INFO - Exporting the following env vars:
AIRFLOW_CTX_DAG_OWNER=***
AIRFLOW_CTX_DAG_ID=d_1_etl_FinalProject
AIRFLOW_CTX_TASK_ID=get_data_from_api
AIRFLOW_CTX_EXECUTION_DATE=2023-11-27T14:17:35.380197+00:00
AIRFLOW_CTX_TRY_NUMBER=3
AIRFLOW_CTX_DAG_RUN_ID=manual__2023-11-27T14:17:35.380197+00:00
[2023-11-27 14:28:42,751] {python.py:173} INFO - Done. Returned value was: None
[2023-11-27 14:28:42,766] {taskinstance.py:1400} INFO - Marking task as SUCCESS. dag_id=d_1_etl_FinalProject, task_id=get_data_from_api, execution_date=20231127T141735, start_date=20231127T142841, end_date=20231127T142842
[2023-11-27 14:28:42,813] {local_task_job.py:156} INFO - Task exited with return code 0
[2023-11-27 14:28:42,907] {local_task_job.py:273} INFO - 1 downstream tasks scheduled from follow-on schedule check
