[2023-11-28 08:22:15,123] {taskinstance.py:1159} INFO - Dependencies all met for <TaskInstance: d_1_etl_FinalProject.get_data_from_api scheduled__2023-11-27T00:00:00+00:00 [queued]>
[2023-11-28 08:22:15,134] {taskinstance.py:1159} INFO - Dependencies all met for <TaskInstance: d_1_etl_FinalProject.get_data_from_api scheduled__2023-11-27T00:00:00+00:00 [queued]>
[2023-11-28 08:22:15,135] {taskinstance.py:1356} INFO - 
--------------------------------------------------------------------------------
[2023-11-28 08:22:15,136] {taskinstance.py:1357} INFO - Starting attempt 1 of 1
[2023-11-28 08:22:15,136] {taskinstance.py:1358} INFO - 
--------------------------------------------------------------------------------
[2023-11-28 08:22:15,154] {taskinstance.py:1377} INFO - Executing <Task(PythonOperator): get_data_from_api> on 2023-11-27 00:00:00+00:00
[2023-11-28 08:22:15,160] {standard_task_runner.py:52} INFO - Started process 206 to run task
[2023-11-28 08:22:15,165] {standard_task_runner.py:79} INFO - Running: ['***', 'tasks', 'run', 'd_1_etl_FinalProject', 'get_data_from_api', 'scheduled__2023-11-27T00:00:00+00:00', '--job-id', '66', '--raw', '--subdir', 'DAGS_FOLDER/d_1_etl_FinalProject.py', '--cfg-path', '/tmp/tmp3sjk0xbz', '--error-file', '/tmp/tmpyfzf9rc5']
[2023-11-28 08:22:15,166] {standard_task_runner.py:80} INFO - Job 66: Subtask get_data_from_api
[2023-11-28 08:22:15,251] {task_command.py:369} INFO - Running <TaskInstance: d_1_etl_FinalProject.get_data_from_api scheduled__2023-11-27T00:00:00+00:00 [running]> on host 92ab6769debf
[2023-11-28 08:22:15,337] {taskinstance.py:1571} INFO - Exporting the following env vars:
AIRFLOW_CTX_DAG_OWNER=***
AIRFLOW_CTX_DAG_ID=d_1_etl_FinalProject
AIRFLOW_CTX_TASK_ID=get_data_from_api
AIRFLOW_CTX_EXECUTION_DATE=2023-11-27T00:00:00+00:00
AIRFLOW_CTX_TRY_NUMBER=1
AIRFLOW_CTX_DAG_RUN_ID=scheduled__2023-11-27T00:00:00+00:00
[2023-11-28 08:22:17,258] {python.py:173} INFO - Done. Returned value was: None
[2023-11-28 08:22:17,279] {taskinstance.py:1400} INFO - Marking task as SUCCESS. dag_id=d_1_etl_FinalProject, task_id=get_data_from_api, execution_date=20231127T000000, start_date=20231128T082215, end_date=20231128T082217
[2023-11-28 08:22:17,330] {local_task_job.py:156} INFO - Task exited with return code 0
[2023-11-28 08:22:17,385] {local_task_job.py:273} INFO - 1 downstream tasks scheduled from follow-on schedule check
