[2023-11-29 09:14:28,144] {taskinstance.py:1159} INFO - Dependencies all met for <TaskInstance: d_1_etl_FinalProject.generate_dim scheduled__2023-11-28T00:00:00+00:00 [queued]>
[2023-11-29 09:14:28,154] {taskinstance.py:1159} INFO - Dependencies all met for <TaskInstance: d_1_etl_FinalProject.generate_dim scheduled__2023-11-28T00:00:00+00:00 [queued]>
[2023-11-29 09:14:28,155] {taskinstance.py:1356} INFO - 
--------------------------------------------------------------------------------
[2023-11-29 09:14:28,155] {taskinstance.py:1357} INFO - Starting attempt 1 of 1
[2023-11-29 09:14:28,156] {taskinstance.py:1358} INFO - 
--------------------------------------------------------------------------------
[2023-11-29 09:14:28,176] {taskinstance.py:1377} INFO - Executing <Task(PythonOperator): generate_dim> on 2023-11-28 00:00:00+00:00
[2023-11-29 09:14:28,184] {standard_task_runner.py:52} INFO - Started process 216 to run task
[2023-11-29 09:14:28,187] {standard_task_runner.py:79} INFO - Running: ['***', 'tasks', 'run', 'd_1_etl_FinalProject', 'generate_dim', 'scheduled__2023-11-28T00:00:00+00:00', '--job-id', '88', '--raw', '--subdir', 'DAGS_FOLDER/d_1_etl_FinalProject.py', '--cfg-path', '/tmp/tmpyuhz8oq0', '--error-file', '/tmp/tmpgu3e85sb']
[2023-11-29 09:14:28,188] {standard_task_runner.py:80} INFO - Job 88: Subtask generate_dim
[2023-11-29 09:14:28,252] {task_command.py:369} INFO - Running <TaskInstance: d_1_etl_FinalProject.generate_dim scheduled__2023-11-28T00:00:00+00:00 [running]> on host 92ab6769debf
[2023-11-29 09:14:28,393] {taskinstance.py:1571} INFO - Exporting the following env vars:
AIRFLOW_CTX_DAG_OWNER=***
AIRFLOW_CTX_DAG_ID=d_1_etl_FinalProject
AIRFLOW_CTX_TASK_ID=generate_dim
AIRFLOW_CTX_EXECUTION_DATE=2023-11-28T00:00:00+00:00
AIRFLOW_CTX_TRY_NUMBER=1
AIRFLOW_CTX_DAG_RUN_ID=scheduled__2023-11-28T00:00:00+00:00
[2023-11-29 09:14:29,383] {python.py:173} INFO - Done. Returned value was: None
[2023-11-29 09:14:29,397] {taskinstance.py:1400} INFO - Marking task as SUCCESS. dag_id=d_1_etl_FinalProject, task_id=generate_dim, execution_date=20231128T000000, start_date=20231129T091428, end_date=20231129T091429
[2023-11-29 09:14:29,431] {local_task_job.py:156} INFO - Task exited with return code 0
[2023-11-29 09:14:29,472] {local_task_job.py:273} INFO - 2 downstream tasks scheduled from follow-on schedule check
