[2023-11-29 13:38:18,719] {taskinstance.py:1159} INFO - Dependencies all met for <TaskInstance: d_1_etl_FinalProject.insert_district_daily scheduled__2023-11-28T00:00:00+00:00 [queued]>
[2023-11-29 13:38:18,731] {taskinstance.py:1159} INFO - Dependencies all met for <TaskInstance: d_1_etl_FinalProject.insert_district_daily scheduled__2023-11-28T00:00:00+00:00 [queued]>
[2023-11-29 13:38:18,732] {taskinstance.py:1356} INFO - 
--------------------------------------------------------------------------------
[2023-11-29 13:38:18,733] {taskinstance.py:1357} INFO - Starting attempt 2 of 2
[2023-11-29 13:38:18,733] {taskinstance.py:1358} INFO - 
--------------------------------------------------------------------------------
[2023-11-29 13:38:18,751] {taskinstance.py:1377} INFO - Executing <Task(PythonOperator): insert_district_daily> on 2023-11-28 00:00:00+00:00
[2023-11-29 13:38:18,773] {standard_task_runner.py:52} INFO - Started process 3548 to run task
[2023-11-29 13:38:18,777] {standard_task_runner.py:79} INFO - Running: ['***', 'tasks', 'run', 'd_1_etl_FinalProject', 'insert_district_daily', 'scheduled__2023-11-28T00:00:00+00:00', '--job-id', '91', '--raw', '--subdir', 'DAGS_FOLDER/d_1_etl_FinalProject.py', '--cfg-path', '/tmp/tmp5ld7bkq2', '--error-file', '/tmp/tmp8gs02wd0']
[2023-11-29 13:38:18,779] {standard_task_runner.py:80} INFO - Job 91: Subtask insert_district_daily
[2023-11-29 13:38:18,848] {task_command.py:369} INFO - Running <TaskInstance: d_1_etl_FinalProject.insert_district_daily scheduled__2023-11-28T00:00:00+00:00 [running]> on host 92ab6769debf
[2023-11-29 13:38:18,941] {taskinstance.py:1571} INFO - Exporting the following env vars:
AIRFLOW_CTX_DAG_OWNER=***
AIRFLOW_CTX_DAG_ID=d_1_etl_FinalProject
AIRFLOW_CTX_TASK_ID=insert_district_daily
AIRFLOW_CTX_EXECUTION_DATE=2023-11-28T00:00:00+00:00
AIRFLOW_CTX_TRY_NUMBER=2
AIRFLOW_CTX_DAG_RUN_ID=scheduled__2023-11-28T00:00:00+00:00
[2023-11-29 13:38:18,943] {python.py:173} INFO - Done. Returned value was: None
[2023-11-29 13:38:18,956] {taskinstance.py:1400} INFO - Marking task as SUCCESS. dag_id=d_1_etl_FinalProject, task_id=insert_district_daily, execution_date=20231128T000000, start_date=20231129T133818, end_date=20231129T133818
[2023-11-29 13:38:18,991] {local_task_job.py:156} INFO - Task exited with return code 0
[2023-11-29 13:38:19,021] {local_task_job.py:273} INFO - 0 downstream tasks scheduled from follow-on schedule check
