[2023-11-29 15:29:47,617] {taskinstance.py:1159} INFO - Dependencies all met for <TaskInstance: d_1_etl_FinalProject.insert_district_daily manual__2023-11-29T15:18:25.802002+00:00 [queued]>
[2023-11-29 15:29:47,626] {taskinstance.py:1159} INFO - Dependencies all met for <TaskInstance: d_1_etl_FinalProject.insert_district_daily manual__2023-11-29T15:18:25.802002+00:00 [queued]>
[2023-11-29 15:29:47,628] {taskinstance.py:1356} INFO - 
--------------------------------------------------------------------------------
[2023-11-29 15:29:47,629] {taskinstance.py:1357} INFO - Starting attempt 4 of 4
[2023-11-29 15:29:47,629] {taskinstance.py:1358} INFO - 
--------------------------------------------------------------------------------
[2023-11-29 15:29:47,647] {taskinstance.py:1377} INFO - Executing <Task(PythonOperator): insert_district_daily> on 2023-11-29 15:18:25.802002+00:00
[2023-11-29 15:29:47,654] {standard_task_runner.py:52} INFO - Started process 5950 to run task
[2023-11-29 15:29:47,656] {standard_task_runner.py:79} INFO - Running: ['***', 'tasks', 'run', 'd_1_etl_FinalProject', 'insert_district_daily', 'manual__2023-11-29T15:18:25.802002+00:00', '--job-id', '106', '--raw', '--subdir', 'DAGS_FOLDER/d_1_etl_FinalProject.py', '--cfg-path', '/tmp/tmp5o05qzza', '--error-file', '/tmp/tmpu6y2_gcw']
[2023-11-29 15:29:47,658] {standard_task_runner.py:80} INFO - Job 106: Subtask insert_district_daily
[2023-11-29 15:29:47,717] {task_command.py:369} INFO - Running <TaskInstance: d_1_etl_FinalProject.insert_district_daily manual__2023-11-29T15:18:25.802002+00:00 [running]> on host 92ab6769debf
[2023-11-29 15:29:47,792] {taskinstance.py:1571} INFO - Exporting the following env vars:
AIRFLOW_CTX_DAG_OWNER=***
AIRFLOW_CTX_DAG_ID=d_1_etl_FinalProject
AIRFLOW_CTX_TASK_ID=insert_district_daily
AIRFLOW_CTX_EXECUTION_DATE=2023-11-29T15:18:25.802002+00:00
AIRFLOW_CTX_TRY_NUMBER=4
AIRFLOW_CTX_DAG_RUN_ID=manual__2023-11-29T15:18:25.802002+00:00
[2023-11-29 15:29:50,229] {python.py:173} INFO - Done. Returned value was: None
[2023-11-29 15:29:50,242] {taskinstance.py:1400} INFO - Marking task as SUCCESS. dag_id=d_1_etl_FinalProject, task_id=insert_district_daily, execution_date=20231129T151825, start_date=20231129T152947, end_date=20231129T152950
[2023-11-29 15:29:50,280] {local_task_job.py:156} INFO - Task exited with return code 0
[2023-11-29 15:29:50,311] {local_task_job.py:273} INFO - 0 downstream tasks scheduled from follow-on schedule check
