[2023-11-29 09:14:23,671] {processor.py:153} INFO - Started process (PID=206) to work on /opt/airflow/dags/sample_dag.py
[2023-11-29 09:14:23,673] {processor.py:641} INFO - Processing file /opt/airflow/dags/sample_dag.py for tasks to queue
[2023-11-29 09:14:23,701] {logging_mixin.py:115} INFO - [2023-11-29 09:14:23,701] {dagbag.py:507} INFO - Filling up the DagBag from /opt/airflow/dags/sample_dag.py
[2023-11-29 09:14:24,257] {processor.py:651} INFO - DAG(s) dict_keys(['first_sample_dag']) retrieved from /opt/airflow/dags/sample_dag.py
[2023-11-29 09:14:24,895] {logging_mixin.py:115} INFO - [2023-11-29 09:14:24,895] {dag.py:2371} INFO - Sync 1 DAGs
[2023-11-29 09:14:24,995] {logging_mixin.py:115} INFO - [2023-11-29 09:14:24,995] {dag.py:2919} INFO - Setting next_dagrun for first_sample_dag to 2023-11-27T23:00:00+00:00, run_after=2023-11-28T23:00:00+00:00
[2023-11-29 09:14:25,019] {processor.py:161} INFO - Processing /opt/airflow/dags/sample_dag.py took 1.353 seconds
[2023-11-29 09:14:55,784] {processor.py:153} INFO - Started process (PID=229) to work on /opt/airflow/dags/sample_dag.py
[2023-11-29 09:14:55,808] {processor.py:641} INFO - Processing file /opt/airflow/dags/sample_dag.py for tasks to queue
[2023-11-29 09:14:55,810] {logging_mixin.py:115} INFO - [2023-11-29 09:14:55,810] {dagbag.py:507} INFO - Filling up the DagBag from /opt/airflow/dags/sample_dag.py
[2023-11-29 09:14:55,883] {processor.py:651} INFO - DAG(s) dict_keys(['first_sample_dag']) retrieved from /opt/airflow/dags/sample_dag.py
[2023-11-29 09:14:55,921] {logging_mixin.py:115} INFO - [2023-11-29 09:14:55,921] {dag.py:2371} INFO - Sync 1 DAGs
[2023-11-29 09:14:55,955] {logging_mixin.py:115} INFO - [2023-11-29 09:14:55,954] {dag.py:2919} INFO - Setting next_dagrun for first_sample_dag to 2023-11-27T23:00:00+00:00, run_after=2023-11-28T23:00:00+00:00
[2023-11-29 09:14:55,974] {processor.py:161} INFO - Processing /opt/airflow/dags/sample_dag.py took 0.192 seconds
[2023-11-29 09:15:26,665] {processor.py:153} INFO - Started process (PID=245) to work on /opt/airflow/dags/sample_dag.py
[2023-11-29 09:15:26,667] {processor.py:641} INFO - Processing file /opt/airflow/dags/sample_dag.py for tasks to queue
[2023-11-29 09:15:26,668] {logging_mixin.py:115} INFO - [2023-11-29 09:15:26,668] {dagbag.py:507} INFO - Filling up the DagBag from /opt/airflow/dags/sample_dag.py
[2023-11-29 09:15:26,711] {processor.py:651} INFO - DAG(s) dict_keys(['first_sample_dag']) retrieved from /opt/airflow/dags/sample_dag.py
[2023-11-29 09:15:26,755] {logging_mixin.py:115} INFO - [2023-11-29 09:15:26,754] {dag.py:2371} INFO - Sync 1 DAGs
[2023-11-29 09:15:26,780] {logging_mixin.py:115} INFO - [2023-11-29 09:15:26,779] {dag.py:2919} INFO - Setting next_dagrun for first_sample_dag to 2023-11-27T23:00:00+00:00, run_after=2023-11-28T23:00:00+00:00
[2023-11-29 09:15:26,798] {processor.py:161} INFO - Processing /opt/airflow/dags/sample_dag.py took 0.136 seconds
[2023-11-29 09:15:57,195] {processor.py:153} INFO - Started process (PID=260) to work on /opt/airflow/dags/sample_dag.py
[2023-11-29 09:15:57,196] {processor.py:641} INFO - Processing file /opt/airflow/dags/sample_dag.py for tasks to queue
[2023-11-29 09:15:57,198] {logging_mixin.py:115} INFO - [2023-11-29 09:15:57,197] {dagbag.py:507} INFO - Filling up the DagBag from /opt/airflow/dags/sample_dag.py
[2023-11-29 09:15:57,239] {processor.py:651} INFO - DAG(s) dict_keys(['first_sample_dag']) retrieved from /opt/airflow/dags/sample_dag.py
[2023-11-29 09:15:57,262] {logging_mixin.py:115} INFO - [2023-11-29 09:15:57,262] {dag.py:2371} INFO - Sync 1 DAGs
[2023-11-29 09:15:57,285] {logging_mixin.py:115} INFO - [2023-11-29 09:15:57,285] {dag.py:2919} INFO - Setting next_dagrun for first_sample_dag to 2023-11-27T23:00:00+00:00, run_after=2023-11-28T23:00:00+00:00
[2023-11-29 09:15:57,303] {processor.py:161} INFO - Processing /opt/airflow/dags/sample_dag.py took 0.110 seconds
[2023-11-29 09:16:27,655] {processor.py:153} INFO - Started process (PID=276) to work on /opt/airflow/dags/sample_dag.py
[2023-11-29 09:16:27,656] {processor.py:641} INFO - Processing file /opt/airflow/dags/sample_dag.py for tasks to queue
[2023-11-29 09:16:27,658] {logging_mixin.py:115} INFO - [2023-11-29 09:16:27,658] {dagbag.py:507} INFO - Filling up the DagBag from /opt/airflow/dags/sample_dag.py
[2023-11-29 09:16:27,697] {processor.py:651} INFO - DAG(s) dict_keys(['first_sample_dag']) retrieved from /opt/airflow/dags/sample_dag.py
[2023-11-29 09:16:27,728] {logging_mixin.py:115} INFO - [2023-11-29 09:16:27,728] {dag.py:2371} INFO - Sync 1 DAGs
[2023-11-29 09:16:27,755] {logging_mixin.py:115} INFO - [2023-11-29 09:16:27,755] {dag.py:2919} INFO - Setting next_dagrun for first_sample_dag to 2023-11-27T23:00:00+00:00, run_after=2023-11-28T23:00:00+00:00
[2023-11-29 09:16:27,773] {processor.py:161} INFO - Processing /opt/airflow/dags/sample_dag.py took 0.126 seconds
[2023-11-29 09:16:58,143] {processor.py:153} INFO - Started process (PID=292) to work on /opt/airflow/dags/sample_dag.py
[2023-11-29 09:16:58,144] {processor.py:641} INFO - Processing file /opt/airflow/dags/sample_dag.py for tasks to queue
[2023-11-29 09:16:58,145] {logging_mixin.py:115} INFO - [2023-11-29 09:16:58,145] {dagbag.py:507} INFO - Filling up the DagBag from /opt/airflow/dags/sample_dag.py
[2023-11-29 09:16:58,177] {processor.py:651} INFO - DAG(s) dict_keys(['first_sample_dag']) retrieved from /opt/airflow/dags/sample_dag.py
[2023-11-29 09:16:58,200] {logging_mixin.py:115} INFO - [2023-11-29 09:16:58,200] {dag.py:2371} INFO - Sync 1 DAGs
[2023-11-29 09:16:58,222] {logging_mixin.py:115} INFO - [2023-11-29 09:16:58,221] {dag.py:2919} INFO - Setting next_dagrun for first_sample_dag to 2023-11-27T23:00:00+00:00, run_after=2023-11-28T23:00:00+00:00
[2023-11-29 09:16:58,239] {processor.py:161} INFO - Processing /opt/airflow/dags/sample_dag.py took 0.101 seconds
[2023-11-29 09:17:28,582] {processor.py:153} INFO - Started process (PID=308) to work on /opt/airflow/dags/sample_dag.py
[2023-11-29 09:17:28,584] {processor.py:641} INFO - Processing file /opt/airflow/dags/sample_dag.py for tasks to queue
[2023-11-29 09:17:28,585] {logging_mixin.py:115} INFO - [2023-11-29 09:17:28,585] {dagbag.py:507} INFO - Filling up the DagBag from /opt/airflow/dags/sample_dag.py
[2023-11-29 09:17:28,627] {processor.py:651} INFO - DAG(s) dict_keys(['first_sample_dag']) retrieved from /opt/airflow/dags/sample_dag.py
[2023-11-29 09:17:28,655] {logging_mixin.py:115} INFO - [2023-11-29 09:17:28,655] {dag.py:2371} INFO - Sync 1 DAGs
[2023-11-29 09:17:28,681] {logging_mixin.py:115} INFO - [2023-11-29 09:17:28,681] {dag.py:2919} INFO - Setting next_dagrun for first_sample_dag to 2023-11-27T23:00:00+00:00, run_after=2023-11-28T23:00:00+00:00
[2023-11-29 09:17:28,703] {processor.py:161} INFO - Processing /opt/airflow/dags/sample_dag.py took 0.123 seconds
[2023-11-29 09:17:59,040] {processor.py:153} INFO - Started process (PID=324) to work on /opt/airflow/dags/sample_dag.py
[2023-11-29 09:17:59,041] {processor.py:641} INFO - Processing file /opt/airflow/dags/sample_dag.py for tasks to queue
[2023-11-29 09:17:59,042] {logging_mixin.py:115} INFO - [2023-11-29 09:17:59,042] {dagbag.py:507} INFO - Filling up the DagBag from /opt/airflow/dags/sample_dag.py
[2023-11-29 09:17:59,080] {processor.py:651} INFO - DAG(s) dict_keys(['first_sample_dag']) retrieved from /opt/airflow/dags/sample_dag.py
[2023-11-29 09:17:59,103] {logging_mixin.py:115} INFO - [2023-11-29 09:17:59,102] {dag.py:2371} INFO - Sync 1 DAGs
[2023-11-29 09:17:59,121] {logging_mixin.py:115} INFO - [2023-11-29 09:17:59,121] {dag.py:2919} INFO - Setting next_dagrun for first_sample_dag to 2023-11-27T23:00:00+00:00, run_after=2023-11-28T23:00:00+00:00
[2023-11-29 09:17:59,139] {processor.py:161} INFO - Processing /opt/airflow/dags/sample_dag.py took 0.102 seconds
[2023-11-29 09:18:29,500] {processor.py:153} INFO - Started process (PID=340) to work on /opt/airflow/dags/sample_dag.py
[2023-11-29 09:18:29,502] {processor.py:641} INFO - Processing file /opt/airflow/dags/sample_dag.py for tasks to queue
[2023-11-29 09:18:29,503] {logging_mixin.py:115} INFO - [2023-11-29 09:18:29,503] {dagbag.py:507} INFO - Filling up the DagBag from /opt/airflow/dags/sample_dag.py
[2023-11-29 09:18:29,536] {processor.py:651} INFO - DAG(s) dict_keys(['first_sample_dag']) retrieved from /opt/airflow/dags/sample_dag.py
[2023-11-29 09:18:29,560] {logging_mixin.py:115} INFO - [2023-11-29 09:18:29,560] {dag.py:2371} INFO - Sync 1 DAGs
[2023-11-29 09:18:29,585] {logging_mixin.py:115} INFO - [2023-11-29 09:18:29,585] {dag.py:2919} INFO - Setting next_dagrun for first_sample_dag to 2023-11-27T23:00:00+00:00, run_after=2023-11-28T23:00:00+00:00
[2023-11-29 09:18:29,603] {processor.py:161} INFO - Processing /opt/airflow/dags/sample_dag.py took 0.105 seconds
[2023-11-29 09:18:59,821] {processor.py:153} INFO - Started process (PID=356) to work on /opt/airflow/dags/sample_dag.py
[2023-11-29 09:18:59,822] {processor.py:641} INFO - Processing file /opt/airflow/dags/sample_dag.py for tasks to queue
[2023-11-29 09:18:59,823] {logging_mixin.py:115} INFO - [2023-11-29 09:18:59,823] {dagbag.py:507} INFO - Filling up the DagBag from /opt/airflow/dags/sample_dag.py
[2023-11-29 09:18:59,852] {processor.py:651} INFO - DAG(s) dict_keys(['first_sample_dag']) retrieved from /opt/airflow/dags/sample_dag.py
[2023-11-29 09:18:59,875] {logging_mixin.py:115} INFO - [2023-11-29 09:18:59,875] {dag.py:2371} INFO - Sync 1 DAGs
[2023-11-29 09:18:59,897] {logging_mixin.py:115} INFO - [2023-11-29 09:18:59,897] {dag.py:2919} INFO - Setting next_dagrun for first_sample_dag to 2023-11-27T23:00:00+00:00, run_after=2023-11-28T23:00:00+00:00
[2023-11-29 09:18:59,921] {processor.py:161} INFO - Processing /opt/airflow/dags/sample_dag.py took 0.103 seconds
[2023-11-29 09:19:30,558] {processor.py:153} INFO - Started process (PID=372) to work on /opt/airflow/dags/sample_dag.py
[2023-11-29 09:19:30,559] {processor.py:641} INFO - Processing file /opt/airflow/dags/sample_dag.py for tasks to queue
[2023-11-29 09:19:30,560] {logging_mixin.py:115} INFO - [2023-11-29 09:19:30,560] {dagbag.py:507} INFO - Filling up the DagBag from /opt/airflow/dags/sample_dag.py
[2023-11-29 09:19:30,602] {processor.py:651} INFO - DAG(s) dict_keys(['first_sample_dag']) retrieved from /opt/airflow/dags/sample_dag.py
[2023-11-29 09:19:30,624] {logging_mixin.py:115} INFO - [2023-11-29 09:19:30,624] {dag.py:2371} INFO - Sync 1 DAGs
[2023-11-29 09:19:30,650] {logging_mixin.py:115} INFO - [2023-11-29 09:19:30,650] {dag.py:2919} INFO - Setting next_dagrun for first_sample_dag to 2023-11-27T23:00:00+00:00, run_after=2023-11-28T23:00:00+00:00
[2023-11-29 09:19:30,667] {processor.py:161} INFO - Processing /opt/airflow/dags/sample_dag.py took 0.111 seconds
[2023-11-29 09:20:01,042] {processor.py:153} INFO - Started process (PID=388) to work on /opt/airflow/dags/sample_dag.py
[2023-11-29 09:20:01,043] {processor.py:641} INFO - Processing file /opt/airflow/dags/sample_dag.py for tasks to queue
[2023-11-29 09:20:01,045] {logging_mixin.py:115} INFO - [2023-11-29 09:20:01,045] {dagbag.py:507} INFO - Filling up the DagBag from /opt/airflow/dags/sample_dag.py
[2023-11-29 09:20:01,089] {processor.py:651} INFO - DAG(s) dict_keys(['first_sample_dag']) retrieved from /opt/airflow/dags/sample_dag.py
[2023-11-29 09:20:01,115] {logging_mixin.py:115} INFO - [2023-11-29 09:20:01,115] {dag.py:2371} INFO - Sync 1 DAGs
[2023-11-29 09:20:01,138] {logging_mixin.py:115} INFO - [2023-11-29 09:20:01,138] {dag.py:2919} INFO - Setting next_dagrun for first_sample_dag to 2023-11-27T23:00:00+00:00, run_after=2023-11-28T23:00:00+00:00
[2023-11-29 09:20:01,158] {processor.py:161} INFO - Processing /opt/airflow/dags/sample_dag.py took 0.119 seconds
[2023-11-29 09:20:31,246] {processor.py:153} INFO - Started process (PID=404) to work on /opt/airflow/dags/sample_dag.py
[2023-11-29 09:20:31,248] {processor.py:641} INFO - Processing file /opt/airflow/dags/sample_dag.py for tasks to queue
[2023-11-29 09:20:31,249] {logging_mixin.py:115} INFO - [2023-11-29 09:20:31,249] {dagbag.py:507} INFO - Filling up the DagBag from /opt/airflow/dags/sample_dag.py
[2023-11-29 09:20:31,292] {processor.py:651} INFO - DAG(s) dict_keys(['first_sample_dag']) retrieved from /opt/airflow/dags/sample_dag.py
[2023-11-29 09:20:31,346] {logging_mixin.py:115} INFO - [2023-11-29 09:20:31,346] {dag.py:2371} INFO - Sync 1 DAGs
[2023-11-29 09:20:31,372] {logging_mixin.py:115} INFO - [2023-11-29 09:20:31,371] {dag.py:2919} INFO - Setting next_dagrun for first_sample_dag to 2023-11-27T23:00:00+00:00, run_after=2023-11-28T23:00:00+00:00
[2023-11-29 09:20:31,388] {processor.py:161} INFO - Processing /opt/airflow/dags/sample_dag.py took 0.146 seconds
[2023-11-29 09:21:01,753] {processor.py:153} INFO - Started process (PID=420) to work on /opt/airflow/dags/sample_dag.py
[2023-11-29 09:21:01,754] {processor.py:641} INFO - Processing file /opt/airflow/dags/sample_dag.py for tasks to queue
[2023-11-29 09:21:01,755] {logging_mixin.py:115} INFO - [2023-11-29 09:21:01,755] {dagbag.py:507} INFO - Filling up the DagBag from /opt/airflow/dags/sample_dag.py
[2023-11-29 09:21:01,797] {processor.py:651} INFO - DAG(s) dict_keys(['first_sample_dag']) retrieved from /opt/airflow/dags/sample_dag.py
[2023-11-29 09:21:01,820] {logging_mixin.py:115} INFO - [2023-11-29 09:21:01,820] {dag.py:2371} INFO - Sync 1 DAGs
[2023-11-29 09:21:01,846] {logging_mixin.py:115} INFO - [2023-11-29 09:21:01,846] {dag.py:2919} INFO - Setting next_dagrun for first_sample_dag to 2023-11-27T23:00:00+00:00, run_after=2023-11-28T23:00:00+00:00
[2023-11-29 09:21:01,863] {processor.py:161} INFO - Processing /opt/airflow/dags/sample_dag.py took 0.113 seconds
[2023-11-29 09:21:32,201] {processor.py:153} INFO - Started process (PID=436) to work on /opt/airflow/dags/sample_dag.py
[2023-11-29 09:21:32,202] {processor.py:641} INFO - Processing file /opt/airflow/dags/sample_dag.py for tasks to queue
[2023-11-29 09:21:32,203] {logging_mixin.py:115} INFO - [2023-11-29 09:21:32,203] {dagbag.py:507} INFO - Filling up the DagBag from /opt/airflow/dags/sample_dag.py
[2023-11-29 09:21:32,244] {processor.py:651} INFO - DAG(s) dict_keys(['first_sample_dag']) retrieved from /opt/airflow/dags/sample_dag.py
[2023-11-29 09:21:32,269] {logging_mixin.py:115} INFO - [2023-11-29 09:21:32,268] {dag.py:2371} INFO - Sync 1 DAGs
[2023-11-29 09:21:32,292] {logging_mixin.py:115} INFO - [2023-11-29 09:21:32,292] {dag.py:2919} INFO - Setting next_dagrun for first_sample_dag to 2023-11-27T23:00:00+00:00, run_after=2023-11-28T23:00:00+00:00
[2023-11-29 09:21:32,309] {processor.py:161} INFO - Processing /opt/airflow/dags/sample_dag.py took 0.111 seconds
[2023-11-29 09:22:02,659] {processor.py:153} INFO - Started process (PID=452) to work on /opt/airflow/dags/sample_dag.py
[2023-11-29 09:22:02,664] {processor.py:641} INFO - Processing file /opt/airflow/dags/sample_dag.py for tasks to queue
[2023-11-29 09:22:02,668] {logging_mixin.py:115} INFO - [2023-11-29 09:22:02,668] {dagbag.py:507} INFO - Filling up the DagBag from /opt/airflow/dags/sample_dag.py
[2023-11-29 09:22:02,732] {processor.py:651} INFO - DAG(s) dict_keys(['first_sample_dag']) retrieved from /opt/airflow/dags/sample_dag.py
[2023-11-29 09:22:02,761] {logging_mixin.py:115} INFO - [2023-11-29 09:22:02,761] {dag.py:2371} INFO - Sync 1 DAGs
[2023-11-29 09:22:02,784] {logging_mixin.py:115} INFO - [2023-11-29 09:22:02,784] {dag.py:2919} INFO - Setting next_dagrun for first_sample_dag to 2023-11-27T23:00:00+00:00, run_after=2023-11-28T23:00:00+00:00
[2023-11-29 09:22:02,802] {processor.py:161} INFO - Processing /opt/airflow/dags/sample_dag.py took 0.148 seconds
[2023-11-29 09:22:33,168] {processor.py:153} INFO - Started process (PID=468) to work on /opt/airflow/dags/sample_dag.py
[2023-11-29 09:22:33,169] {processor.py:641} INFO - Processing file /opt/airflow/dags/sample_dag.py for tasks to queue
[2023-11-29 09:22:33,171] {logging_mixin.py:115} INFO - [2023-11-29 09:22:33,171] {dagbag.py:507} INFO - Filling up the DagBag from /opt/airflow/dags/sample_dag.py
[2023-11-29 09:22:33,215] {processor.py:651} INFO - DAG(s) dict_keys(['first_sample_dag']) retrieved from /opt/airflow/dags/sample_dag.py
[2023-11-29 09:22:33,240] {logging_mixin.py:115} INFO - [2023-11-29 09:22:33,240] {dag.py:2371} INFO - Sync 1 DAGs
[2023-11-29 09:22:33,261] {logging_mixin.py:115} INFO - [2023-11-29 09:22:33,260] {dag.py:2919} INFO - Setting next_dagrun for first_sample_dag to 2023-11-27T23:00:00+00:00, run_after=2023-11-28T23:00:00+00:00
[2023-11-29 09:22:33,278] {processor.py:161} INFO - Processing /opt/airflow/dags/sample_dag.py took 0.115 seconds
[2023-11-29 09:23:03,659] {processor.py:153} INFO - Started process (PID=484) to work on /opt/airflow/dags/sample_dag.py
[2023-11-29 09:23:03,660] {processor.py:641} INFO - Processing file /opt/airflow/dags/sample_dag.py for tasks to queue
[2023-11-29 09:23:03,662] {logging_mixin.py:115} INFO - [2023-11-29 09:23:03,661] {dagbag.py:507} INFO - Filling up the DagBag from /opt/airflow/dags/sample_dag.py
[2023-11-29 09:23:03,699] {processor.py:651} INFO - DAG(s) dict_keys(['first_sample_dag']) retrieved from /opt/airflow/dags/sample_dag.py
[2023-11-29 09:23:03,730] {logging_mixin.py:115} INFO - [2023-11-29 09:23:03,730] {dag.py:2371} INFO - Sync 1 DAGs
[2023-11-29 09:23:03,764] {logging_mixin.py:115} INFO - [2023-11-29 09:23:03,764] {dag.py:2919} INFO - Setting next_dagrun for first_sample_dag to 2023-11-27T23:00:00+00:00, run_after=2023-11-28T23:00:00+00:00
[2023-11-29 09:23:03,783] {processor.py:161} INFO - Processing /opt/airflow/dags/sample_dag.py took 0.127 seconds
[2023-11-29 09:23:34,124] {processor.py:153} INFO - Started process (PID=500) to work on /opt/airflow/dags/sample_dag.py
[2023-11-29 09:23:34,125] {processor.py:641} INFO - Processing file /opt/airflow/dags/sample_dag.py for tasks to queue
[2023-11-29 09:23:34,126] {logging_mixin.py:115} INFO - [2023-11-29 09:23:34,126] {dagbag.py:507} INFO - Filling up the DagBag from /opt/airflow/dags/sample_dag.py
[2023-11-29 09:23:34,154] {processor.py:651} INFO - DAG(s) dict_keys(['first_sample_dag']) retrieved from /opt/airflow/dags/sample_dag.py
[2023-11-29 09:23:34,180] {logging_mixin.py:115} INFO - [2023-11-29 09:23:34,180] {dag.py:2371} INFO - Sync 1 DAGs
[2023-11-29 09:23:34,203] {logging_mixin.py:115} INFO - [2023-11-29 09:23:34,203] {dag.py:2919} INFO - Setting next_dagrun for first_sample_dag to 2023-11-27T23:00:00+00:00, run_after=2023-11-28T23:00:00+00:00
[2023-11-29 09:23:34,221] {processor.py:161} INFO - Processing /opt/airflow/dags/sample_dag.py took 0.100 seconds
[2023-11-29 09:24:04,609] {processor.py:153} INFO - Started process (PID=516) to work on /opt/airflow/dags/sample_dag.py
[2023-11-29 09:24:04,610] {processor.py:641} INFO - Processing file /opt/airflow/dags/sample_dag.py for tasks to queue
[2023-11-29 09:24:04,611] {logging_mixin.py:115} INFO - [2023-11-29 09:24:04,611] {dagbag.py:507} INFO - Filling up the DagBag from /opt/airflow/dags/sample_dag.py
[2023-11-29 09:24:04,651] {processor.py:651} INFO - DAG(s) dict_keys(['first_sample_dag']) retrieved from /opt/airflow/dags/sample_dag.py
[2023-11-29 09:24:04,676] {logging_mixin.py:115} INFO - [2023-11-29 09:24:04,676] {dag.py:2371} INFO - Sync 1 DAGs
[2023-11-29 09:24:04,701] {logging_mixin.py:115} INFO - [2023-11-29 09:24:04,701] {dag.py:2919} INFO - Setting next_dagrun for first_sample_dag to 2023-11-27T23:00:00+00:00, run_after=2023-11-28T23:00:00+00:00
[2023-11-29 09:24:04,719] {processor.py:161} INFO - Processing /opt/airflow/dags/sample_dag.py took 0.112 seconds
[2023-11-29 09:24:34,763] {processor.py:153} INFO - Started process (PID=532) to work on /opt/airflow/dags/sample_dag.py
[2023-11-29 09:24:34,764] {processor.py:641} INFO - Processing file /opt/airflow/dags/sample_dag.py for tasks to queue
[2023-11-29 09:24:34,765] {logging_mixin.py:115} INFO - [2023-11-29 09:24:34,765] {dagbag.py:507} INFO - Filling up the DagBag from /opt/airflow/dags/sample_dag.py
[2023-11-29 09:24:34,797] {processor.py:651} INFO - DAG(s) dict_keys(['first_sample_dag']) retrieved from /opt/airflow/dags/sample_dag.py
[2023-11-29 09:24:34,821] {logging_mixin.py:115} INFO - [2023-11-29 09:24:34,821] {dag.py:2371} INFO - Sync 1 DAGs
[2023-11-29 09:24:34,841] {logging_mixin.py:115} INFO - [2023-11-29 09:24:34,841] {dag.py:2919} INFO - Setting next_dagrun for first_sample_dag to 2023-11-27T23:00:00+00:00, run_after=2023-11-28T23:00:00+00:00
[2023-11-29 09:24:34,857] {processor.py:161} INFO - Processing /opt/airflow/dags/sample_dag.py took 0.097 seconds
[2023-11-29 09:25:05,230] {processor.py:153} INFO - Started process (PID=548) to work on /opt/airflow/dags/sample_dag.py
[2023-11-29 09:25:05,232] {processor.py:641} INFO - Processing file /opt/airflow/dags/sample_dag.py for tasks to queue
[2023-11-29 09:25:05,233] {logging_mixin.py:115} INFO - [2023-11-29 09:25:05,233] {dagbag.py:507} INFO - Filling up the DagBag from /opt/airflow/dags/sample_dag.py
[2023-11-29 09:25:05,265] {processor.py:651} INFO - DAG(s) dict_keys(['first_sample_dag']) retrieved from /opt/airflow/dags/sample_dag.py
[2023-11-29 09:25:05,291] {logging_mixin.py:115} INFO - [2023-11-29 09:25:05,291] {dag.py:2371} INFO - Sync 1 DAGs
[2023-11-29 09:25:05,313] {logging_mixin.py:115} INFO - [2023-11-29 09:25:05,313] {dag.py:2919} INFO - Setting next_dagrun for first_sample_dag to 2023-11-27T23:00:00+00:00, run_after=2023-11-28T23:00:00+00:00
[2023-11-29 09:25:05,331] {processor.py:161} INFO - Processing /opt/airflow/dags/sample_dag.py took 0.103 seconds
[2023-11-29 09:25:35,722] {processor.py:153} INFO - Started process (PID=564) to work on /opt/airflow/dags/sample_dag.py
[2023-11-29 09:25:35,723] {processor.py:641} INFO - Processing file /opt/airflow/dags/sample_dag.py for tasks to queue
[2023-11-29 09:25:35,724] {logging_mixin.py:115} INFO - [2023-11-29 09:25:35,724] {dagbag.py:507} INFO - Filling up the DagBag from /opt/airflow/dags/sample_dag.py
[2023-11-29 09:25:35,762] {processor.py:651} INFO - DAG(s) dict_keys(['first_sample_dag']) retrieved from /opt/airflow/dags/sample_dag.py
[2023-11-29 09:25:35,787] {logging_mixin.py:115} INFO - [2023-11-29 09:25:35,787] {dag.py:2371} INFO - Sync 1 DAGs
[2023-11-29 09:25:35,806] {logging_mixin.py:115} INFO - [2023-11-29 09:25:35,806] {dag.py:2919} INFO - Setting next_dagrun for first_sample_dag to 2023-11-27T23:00:00+00:00, run_after=2023-11-28T23:00:00+00:00
[2023-11-29 09:25:35,823] {processor.py:161} INFO - Processing /opt/airflow/dags/sample_dag.py took 0.104 seconds
[2023-11-29 09:26:06,188] {processor.py:153} INFO - Started process (PID=580) to work on /opt/airflow/dags/sample_dag.py
[2023-11-29 09:26:06,189] {processor.py:641} INFO - Processing file /opt/airflow/dags/sample_dag.py for tasks to queue
[2023-11-29 09:26:06,190] {logging_mixin.py:115} INFO - [2023-11-29 09:26:06,190] {dagbag.py:507} INFO - Filling up the DagBag from /opt/airflow/dags/sample_dag.py
[2023-11-29 09:26:06,224] {processor.py:651} INFO - DAG(s) dict_keys(['first_sample_dag']) retrieved from /opt/airflow/dags/sample_dag.py
[2023-11-29 09:26:06,248] {logging_mixin.py:115} INFO - [2023-11-29 09:26:06,248] {dag.py:2371} INFO - Sync 1 DAGs
[2023-11-29 09:26:06,270] {logging_mixin.py:115} INFO - [2023-11-29 09:26:06,270] {dag.py:2919} INFO - Setting next_dagrun for first_sample_dag to 2023-11-27T23:00:00+00:00, run_after=2023-11-28T23:00:00+00:00
[2023-11-29 09:26:06,287] {processor.py:161} INFO - Processing /opt/airflow/dags/sample_dag.py took 0.103 seconds
[2023-11-29 09:26:36,619] {processor.py:153} INFO - Started process (PID=596) to work on /opt/airflow/dags/sample_dag.py
[2023-11-29 09:26:36,620] {processor.py:641} INFO - Processing file /opt/airflow/dags/sample_dag.py for tasks to queue
[2023-11-29 09:26:36,622] {logging_mixin.py:115} INFO - [2023-11-29 09:26:36,622] {dagbag.py:507} INFO - Filling up the DagBag from /opt/airflow/dags/sample_dag.py
[2023-11-29 09:26:36,656] {processor.py:651} INFO - DAG(s) dict_keys(['first_sample_dag']) retrieved from /opt/airflow/dags/sample_dag.py
[2023-11-29 09:26:36,720] {logging_mixin.py:115} INFO - [2023-11-29 09:26:36,720] {dag.py:2371} INFO - Sync 1 DAGs
[2023-11-29 09:26:36,747] {logging_mixin.py:115} INFO - [2023-11-29 09:26:36,747] {dag.py:2919} INFO - Setting next_dagrun for first_sample_dag to 2023-11-27T23:00:00+00:00, run_after=2023-11-28T23:00:00+00:00
[2023-11-29 09:26:36,769] {processor.py:161} INFO - Processing /opt/airflow/dags/sample_dag.py took 0.154 seconds
[2023-11-29 09:27:07,091] {processor.py:153} INFO - Started process (PID=612) to work on /opt/airflow/dags/sample_dag.py
[2023-11-29 09:27:07,092] {processor.py:641} INFO - Processing file /opt/airflow/dags/sample_dag.py for tasks to queue
[2023-11-29 09:27:07,093] {logging_mixin.py:115} INFO - [2023-11-29 09:27:07,092] {dagbag.py:507} INFO - Filling up the DagBag from /opt/airflow/dags/sample_dag.py
[2023-11-29 09:27:07,119] {processor.py:651} INFO - DAG(s) dict_keys(['first_sample_dag']) retrieved from /opt/airflow/dags/sample_dag.py
[2023-11-29 09:27:07,143] {logging_mixin.py:115} INFO - [2023-11-29 09:27:07,143] {dag.py:2371} INFO - Sync 1 DAGs
[2023-11-29 09:27:07,163] {logging_mixin.py:115} INFO - [2023-11-29 09:27:07,163] {dag.py:2919} INFO - Setting next_dagrun for first_sample_dag to 2023-11-27T23:00:00+00:00, run_after=2023-11-28T23:00:00+00:00
[2023-11-29 09:27:07,180] {processor.py:161} INFO - Processing /opt/airflow/dags/sample_dag.py took 0.092 seconds
[2023-11-29 09:27:37,523] {processor.py:153} INFO - Started process (PID=628) to work on /opt/airflow/dags/sample_dag.py
[2023-11-29 09:27:37,524] {processor.py:641} INFO - Processing file /opt/airflow/dags/sample_dag.py for tasks to queue
[2023-11-29 09:27:37,526] {logging_mixin.py:115} INFO - [2023-11-29 09:27:37,525] {dagbag.py:507} INFO - Filling up the DagBag from /opt/airflow/dags/sample_dag.py
[2023-11-29 09:27:37,560] {processor.py:651} INFO - DAG(s) dict_keys(['first_sample_dag']) retrieved from /opt/airflow/dags/sample_dag.py
[2023-11-29 09:27:37,584] {logging_mixin.py:115} INFO - [2023-11-29 09:27:37,584] {dag.py:2371} INFO - Sync 1 DAGs
[2023-11-29 09:27:37,605] {logging_mixin.py:115} INFO - [2023-11-29 09:27:37,605] {dag.py:2919} INFO - Setting next_dagrun for first_sample_dag to 2023-11-27T23:00:00+00:00, run_after=2023-11-28T23:00:00+00:00
[2023-11-29 09:27:37,622] {processor.py:161} INFO - Processing /opt/airflow/dags/sample_dag.py took 0.101 seconds
[2023-11-29 09:28:07,971] {processor.py:153} INFO - Started process (PID=644) to work on /opt/airflow/dags/sample_dag.py
[2023-11-29 09:28:07,973] {processor.py:641} INFO - Processing file /opt/airflow/dags/sample_dag.py for tasks to queue
[2023-11-29 09:28:07,974] {logging_mixin.py:115} INFO - [2023-11-29 09:28:07,974] {dagbag.py:507} INFO - Filling up the DagBag from /opt/airflow/dags/sample_dag.py
[2023-11-29 09:28:08,014] {processor.py:651} INFO - DAG(s) dict_keys(['first_sample_dag']) retrieved from /opt/airflow/dags/sample_dag.py
[2023-11-29 09:28:08,039] {logging_mixin.py:115} INFO - [2023-11-29 09:28:08,039] {dag.py:2371} INFO - Sync 1 DAGs
[2023-11-29 09:28:08,059] {logging_mixin.py:115} INFO - [2023-11-29 09:28:08,059] {dag.py:2919} INFO - Setting next_dagrun for first_sample_dag to 2023-11-27T23:00:00+00:00, run_after=2023-11-28T23:00:00+00:00
[2023-11-29 09:28:08,076] {processor.py:161} INFO - Processing /opt/airflow/dags/sample_dag.py took 0.108 seconds
[2023-11-29 09:28:38,475] {processor.py:153} INFO - Started process (PID=660) to work on /opt/airflow/dags/sample_dag.py
[2023-11-29 09:28:38,476] {processor.py:641} INFO - Processing file /opt/airflow/dags/sample_dag.py for tasks to queue
[2023-11-29 09:28:38,478] {logging_mixin.py:115} INFO - [2023-11-29 09:28:38,478] {dagbag.py:507} INFO - Filling up the DagBag from /opt/airflow/dags/sample_dag.py
[2023-11-29 09:28:38,515] {processor.py:651} INFO - DAG(s) dict_keys(['first_sample_dag']) retrieved from /opt/airflow/dags/sample_dag.py
[2023-11-29 09:28:38,541] {logging_mixin.py:115} INFO - [2023-11-29 09:28:38,541] {dag.py:2371} INFO - Sync 1 DAGs
[2023-11-29 09:28:38,564] {logging_mixin.py:115} INFO - [2023-11-29 09:28:38,564] {dag.py:2919} INFO - Setting next_dagrun for first_sample_dag to 2023-11-27T23:00:00+00:00, run_after=2023-11-28T23:00:00+00:00
[2023-11-29 09:28:38,580] {processor.py:161} INFO - Processing /opt/airflow/dags/sample_dag.py took 0.108 seconds
[2023-11-29 09:29:08,918] {processor.py:153} INFO - Started process (PID=676) to work on /opt/airflow/dags/sample_dag.py
[2023-11-29 09:29:08,920] {processor.py:641} INFO - Processing file /opt/airflow/dags/sample_dag.py for tasks to queue
[2023-11-29 09:29:08,921] {logging_mixin.py:115} INFO - [2023-11-29 09:29:08,921] {dagbag.py:507} INFO - Filling up the DagBag from /opt/airflow/dags/sample_dag.py
[2023-11-29 09:29:08,953] {processor.py:651} INFO - DAG(s) dict_keys(['first_sample_dag']) retrieved from /opt/airflow/dags/sample_dag.py
[2023-11-29 09:29:08,979] {logging_mixin.py:115} INFO - [2023-11-29 09:29:08,979] {dag.py:2371} INFO - Sync 1 DAGs
[2023-11-29 09:29:08,998] {logging_mixin.py:115} INFO - [2023-11-29 09:29:08,998] {dag.py:2919} INFO - Setting next_dagrun for first_sample_dag to 2023-11-27T23:00:00+00:00, run_after=2023-11-28T23:00:00+00:00
[2023-11-29 09:29:09,014] {processor.py:161} INFO - Processing /opt/airflow/dags/sample_dag.py took 0.098 seconds
[2023-11-29 09:29:39,504] {processor.py:153} INFO - Started process (PID=692) to work on /opt/airflow/dags/sample_dag.py
[2023-11-29 09:29:39,506] {processor.py:641} INFO - Processing file /opt/airflow/dags/sample_dag.py for tasks to queue
[2023-11-29 09:29:39,507] {logging_mixin.py:115} INFO - [2023-11-29 09:29:39,507] {dagbag.py:507} INFO - Filling up the DagBag from /opt/airflow/dags/sample_dag.py
[2023-11-29 09:29:39,546] {processor.py:651} INFO - DAG(s) dict_keys(['first_sample_dag']) retrieved from /opt/airflow/dags/sample_dag.py
[2023-11-29 09:29:39,569] {logging_mixin.py:115} INFO - [2023-11-29 09:29:39,569] {dag.py:2371} INFO - Sync 1 DAGs
[2023-11-29 09:29:39,588] {logging_mixin.py:115} INFO - [2023-11-29 09:29:39,588] {dag.py:2919} INFO - Setting next_dagrun for first_sample_dag to 2023-11-27T23:00:00+00:00, run_after=2023-11-28T23:00:00+00:00
[2023-11-29 09:29:39,608] {processor.py:161} INFO - Processing /opt/airflow/dags/sample_dag.py took 0.106 seconds
[2023-11-29 09:30:09,954] {processor.py:153} INFO - Started process (PID=708) to work on /opt/airflow/dags/sample_dag.py
[2023-11-29 09:30:09,956] {processor.py:641} INFO - Processing file /opt/airflow/dags/sample_dag.py for tasks to queue
[2023-11-29 09:30:09,957] {logging_mixin.py:115} INFO - [2023-11-29 09:30:09,957] {dagbag.py:507} INFO - Filling up the DagBag from /opt/airflow/dags/sample_dag.py
[2023-11-29 09:30:09,999] {processor.py:651} INFO - DAG(s) dict_keys(['first_sample_dag']) retrieved from /opt/airflow/dags/sample_dag.py
[2023-11-29 09:30:10,024] {logging_mixin.py:115} INFO - [2023-11-29 09:30:10,024] {dag.py:2371} INFO - Sync 1 DAGs
[2023-11-29 09:30:10,046] {logging_mixin.py:115} INFO - [2023-11-29 09:30:10,046] {dag.py:2919} INFO - Setting next_dagrun for first_sample_dag to 2023-11-27T23:00:00+00:00, run_after=2023-11-28T23:00:00+00:00
[2023-11-29 09:30:10,070] {processor.py:161} INFO - Processing /opt/airflow/dags/sample_dag.py took 0.118 seconds
[2023-11-29 09:30:40,414] {processor.py:153} INFO - Started process (PID=724) to work on /opt/airflow/dags/sample_dag.py
[2023-11-29 09:30:40,415] {processor.py:641} INFO - Processing file /opt/airflow/dags/sample_dag.py for tasks to queue
[2023-11-29 09:30:40,417] {logging_mixin.py:115} INFO - [2023-11-29 09:30:40,417] {dagbag.py:507} INFO - Filling up the DagBag from /opt/airflow/dags/sample_dag.py
[2023-11-29 09:30:40,444] {processor.py:651} INFO - DAG(s) dict_keys(['first_sample_dag']) retrieved from /opt/airflow/dags/sample_dag.py
[2023-11-29 09:30:40,468] {logging_mixin.py:115} INFO - [2023-11-29 09:30:40,468] {dag.py:2371} INFO - Sync 1 DAGs
[2023-11-29 09:30:40,489] {logging_mixin.py:115} INFO - [2023-11-29 09:30:40,488] {dag.py:2919} INFO - Setting next_dagrun for first_sample_dag to 2023-11-27T23:00:00+00:00, run_after=2023-11-28T23:00:00+00:00
[2023-11-29 09:30:40,507] {processor.py:161} INFO - Processing /opt/airflow/dags/sample_dag.py took 0.095 seconds
[2023-11-29 09:31:10,880] {processor.py:153} INFO - Started process (PID=740) to work on /opt/airflow/dags/sample_dag.py
[2023-11-29 09:31:10,881] {processor.py:641} INFO - Processing file /opt/airflow/dags/sample_dag.py for tasks to queue
[2023-11-29 09:31:10,882] {logging_mixin.py:115} INFO - [2023-11-29 09:31:10,882] {dagbag.py:507} INFO - Filling up the DagBag from /opt/airflow/dags/sample_dag.py
[2023-11-29 09:31:10,921] {processor.py:651} INFO - DAG(s) dict_keys(['first_sample_dag']) retrieved from /opt/airflow/dags/sample_dag.py
[2023-11-29 09:31:10,944] {logging_mixin.py:115} INFO - [2023-11-29 09:31:10,944] {dag.py:2371} INFO - Sync 1 DAGs
[2023-11-29 09:31:10,964] {logging_mixin.py:115} INFO - [2023-11-29 09:31:10,964] {dag.py:2919} INFO - Setting next_dagrun for first_sample_dag to 2023-11-27T23:00:00+00:00, run_after=2023-11-28T23:00:00+00:00
[2023-11-29 09:31:10,981] {processor.py:161} INFO - Processing /opt/airflow/dags/sample_dag.py took 0.103 seconds
[2023-11-29 09:31:41,334] {processor.py:153} INFO - Started process (PID=756) to work on /opt/airflow/dags/sample_dag.py
[2023-11-29 09:31:41,335] {processor.py:641} INFO - Processing file /opt/airflow/dags/sample_dag.py for tasks to queue
[2023-11-29 09:31:41,337] {logging_mixin.py:115} INFO - [2023-11-29 09:31:41,337] {dagbag.py:507} INFO - Filling up the DagBag from /opt/airflow/dags/sample_dag.py
[2023-11-29 09:31:41,369] {processor.py:651} INFO - DAG(s) dict_keys(['first_sample_dag']) retrieved from /opt/airflow/dags/sample_dag.py
[2023-11-29 09:31:41,399] {logging_mixin.py:115} INFO - [2023-11-29 09:31:41,399] {dag.py:2371} INFO - Sync 1 DAGs
[2023-11-29 09:31:41,428] {logging_mixin.py:115} INFO - [2023-11-29 09:31:41,428] {dag.py:2919} INFO - Setting next_dagrun for first_sample_dag to 2023-11-27T23:00:00+00:00, run_after=2023-11-28T23:00:00+00:00
[2023-11-29 09:31:41,445] {processor.py:161} INFO - Processing /opt/airflow/dags/sample_dag.py took 0.113 seconds
[2023-11-29 09:32:11,801] {processor.py:153} INFO - Started process (PID=772) to work on /opt/airflow/dags/sample_dag.py
[2023-11-29 09:32:11,802] {processor.py:641} INFO - Processing file /opt/airflow/dags/sample_dag.py for tasks to queue
[2023-11-29 09:32:11,803] {logging_mixin.py:115} INFO - [2023-11-29 09:32:11,803] {dagbag.py:507} INFO - Filling up the DagBag from /opt/airflow/dags/sample_dag.py
[2023-11-29 09:32:11,833] {processor.py:651} INFO - DAG(s) dict_keys(['first_sample_dag']) retrieved from /opt/airflow/dags/sample_dag.py
[2023-11-29 09:32:11,856] {logging_mixin.py:115} INFO - [2023-11-29 09:32:11,856] {dag.py:2371} INFO - Sync 1 DAGs
[2023-11-29 09:32:11,876] {logging_mixin.py:115} INFO - [2023-11-29 09:32:11,875] {dag.py:2919} INFO - Setting next_dagrun for first_sample_dag to 2023-11-27T23:00:00+00:00, run_after=2023-11-28T23:00:00+00:00
[2023-11-29 09:32:11,893] {processor.py:161} INFO - Processing /opt/airflow/dags/sample_dag.py took 0.094 seconds
[2023-11-29 09:32:42,296] {processor.py:153} INFO - Started process (PID=788) to work on /opt/airflow/dags/sample_dag.py
[2023-11-29 09:32:42,297] {processor.py:641} INFO - Processing file /opt/airflow/dags/sample_dag.py for tasks to queue
[2023-11-29 09:32:42,298] {logging_mixin.py:115} INFO - [2023-11-29 09:32:42,298] {dagbag.py:507} INFO - Filling up the DagBag from /opt/airflow/dags/sample_dag.py
[2023-11-29 09:32:42,336] {processor.py:651} INFO - DAG(s) dict_keys(['first_sample_dag']) retrieved from /opt/airflow/dags/sample_dag.py
[2023-11-29 09:32:42,359] {logging_mixin.py:115} INFO - [2023-11-29 09:32:42,359] {dag.py:2371} INFO - Sync 1 DAGs
[2023-11-29 09:32:42,380] {logging_mixin.py:115} INFO - [2023-11-29 09:32:42,380] {dag.py:2919} INFO - Setting next_dagrun for first_sample_dag to 2023-11-27T23:00:00+00:00, run_after=2023-11-28T23:00:00+00:00
[2023-11-29 09:32:42,399] {processor.py:161} INFO - Processing /opt/airflow/dags/sample_dag.py took 0.106 seconds
