[2023-11-27 14:28:47,744] {taskinstance.py:1159} INFO - Dependencies all met for <TaskInstance: d_1_etl_FinalProject.insert_district_daily manual__2023-11-27T14:17:35.380197+00:00 [queued]>
[2023-11-27 14:28:47,755] {taskinstance.py:1159} INFO - Dependencies all met for <TaskInstance: d_1_etl_FinalProject.insert_district_daily manual__2023-11-27T14:17:35.380197+00:00 [queued]>
[2023-11-27 14:28:47,756] {taskinstance.py:1356} INFO - 
--------------------------------------------------------------------------------
[2023-11-27 14:28:47,756] {taskinstance.py:1357} INFO - Starting attempt 1 of 1
[2023-11-27 14:28:47,757] {taskinstance.py:1358} INFO - 
--------------------------------------------------------------------------------
[2023-11-27 14:28:47,777] {taskinstance.py:1377} INFO - Executing <Task(PythonOperator): insert_district_daily> on 2023-11-27 14:17:35.380197+00:00
[2023-11-27 14:28:47,782] {standard_task_runner.py:52} INFO - Started process 2811 to run task
[2023-11-27 14:28:47,787] {standard_task_runner.py:79} INFO - Running: ['***', 'tasks', 'run', 'd_1_etl_FinalProject', 'insert_district_daily', 'manual__2023-11-27T14:17:35.380197+00:00', '--job-id', '63', '--raw', '--subdir', 'DAGS_FOLDER/d_1_etl_FinalProject.py', '--cfg-path', '/tmp/tmp2xzvfq1i', '--error-file', '/tmp/tmp1jcczd91']
[2023-11-27 14:28:47,788] {standard_task_runner.py:80} INFO - Job 63: Subtask insert_district_daily
[2023-11-27 14:28:47,863] {task_command.py:369} INFO - Running <TaskInstance: d_1_etl_FinalProject.insert_district_daily manual__2023-11-27T14:17:35.380197+00:00 [running]> on host 92ab6769debf
[2023-11-27 14:28:47,995] {taskinstance.py:1571} INFO - Exporting the following env vars:
AIRFLOW_CTX_DAG_OWNER=***
AIRFLOW_CTX_DAG_ID=d_1_etl_FinalProject
AIRFLOW_CTX_TASK_ID=insert_district_daily
AIRFLOW_CTX_EXECUTION_DATE=2023-11-27T14:17:35.380197+00:00
AIRFLOW_CTX_TRY_NUMBER=1
AIRFLOW_CTX_DAG_RUN_ID=manual__2023-11-27T14:17:35.380197+00:00
[2023-11-27 14:28:47,997] {python.py:173} INFO - Done. Returned value was: None
[2023-11-27 14:28:48,189] {taskinstance.py:1400} INFO - Marking task as SUCCESS. dag_id=d_1_etl_FinalProject, task_id=insert_district_daily, execution_date=20231127T141735, start_date=20231127T142847, end_date=20231127T142848
[2023-11-27 14:28:48,244] {local_task_job.py:156} INFO - Task exited with return code 0
[2023-11-27 14:28:48,292] {local_task_job.py:273} INFO - 0 downstream tasks scheduled from follow-on schedule check
