[2023-11-28 08:22:19,874] {taskinstance.py:1159} INFO - Dependencies all met for <TaskInstance: d_1_etl_FinalProject.insert_province_daily scheduled__2023-11-27T00:00:00+00:00 [queued]>
[2023-11-28 08:22:19,889] {taskinstance.py:1159} INFO - Dependencies all met for <TaskInstance: d_1_etl_FinalProject.insert_province_daily scheduled__2023-11-27T00:00:00+00:00 [queued]>
[2023-11-28 08:22:19,890] {taskinstance.py:1356} INFO - 
--------------------------------------------------------------------------------
[2023-11-28 08:22:19,891] {taskinstance.py:1357} INFO - Starting attempt 1 of 1
[2023-11-28 08:22:19,891] {taskinstance.py:1358} INFO - 
--------------------------------------------------------------------------------
[2023-11-28 08:22:19,911] {taskinstance.py:1377} INFO - Executing <Task(PythonOperator): insert_province_daily> on 2023-11-27 00:00:00+00:00
[2023-11-28 08:22:19,918] {standard_task_runner.py:52} INFO - Started process 216 to run task
[2023-11-28 08:22:19,922] {standard_task_runner.py:79} INFO - Running: ['***', 'tasks', 'run', 'd_1_etl_FinalProject', 'insert_province_daily', 'scheduled__2023-11-27T00:00:00+00:00', '--job-id', '68', '--raw', '--subdir', 'DAGS_FOLDER/d_1_etl_FinalProject.py', '--cfg-path', '/tmp/tmpib4l24fe', '--error-file', '/tmp/tmpd1n2tfkj']
[2023-11-28 08:22:19,926] {standard_task_runner.py:80} INFO - Job 68: Subtask insert_province_daily
[2023-11-28 08:22:20,092] {task_command.py:369} INFO - Running <TaskInstance: d_1_etl_FinalProject.insert_province_daily scheduled__2023-11-27T00:00:00+00:00 [running]> on host 92ab6769debf
[2023-11-28 08:22:20,297] {taskinstance.py:1571} INFO - Exporting the following env vars:
AIRFLOW_CTX_DAG_OWNER=***
AIRFLOW_CTX_DAG_ID=d_1_etl_FinalProject
AIRFLOW_CTX_TASK_ID=insert_province_daily
AIRFLOW_CTX_EXECUTION_DATE=2023-11-27T00:00:00+00:00
AIRFLOW_CTX_TRY_NUMBER=1
AIRFLOW_CTX_DAG_RUN_ID=scheduled__2023-11-27T00:00:00+00:00
[2023-11-28 08:22:20,299] {python.py:173} INFO - Done. Returned value was: None
[2023-11-28 08:22:20,361] {taskinstance.py:1400} INFO - Marking task as SUCCESS. dag_id=d_1_etl_FinalProject, task_id=insert_province_daily, execution_date=20231127T000000, start_date=20231128T082219, end_date=20231128T082220
[2023-11-28 08:22:20,423] {local_task_job.py:156} INFO - Task exited with return code 0
[2023-11-28 08:22:20,479] {local_task_job.py:273} INFO - 0 downstream tasks scheduled from follow-on schedule check
