[2023-11-29 15:18:27,513] {taskinstance.py:1159} INFO - Dependencies all met for <TaskInstance: d_1_etl_FinalProject.get_data_from_api manual__2023-11-29T15:18:25.802002+00:00 [queued]>
[2023-11-29 15:18:27,522] {taskinstance.py:1159} INFO - Dependencies all met for <TaskInstance: d_1_etl_FinalProject.get_data_from_api manual__2023-11-29T15:18:25.802002+00:00 [queued]>
[2023-11-29 15:18:27,523] {taskinstance.py:1356} INFO - 
--------------------------------------------------------------------------------
[2023-11-29 15:18:27,524] {taskinstance.py:1357} INFO - Starting attempt 1 of 1
[2023-11-29 15:18:27,524] {taskinstance.py:1358} INFO - 
--------------------------------------------------------------------------------
[2023-11-29 15:18:27,539] {taskinstance.py:1377} INFO - Executing <Task(PythonOperator): get_data_from_api> on 2023-11-29 15:18:25.802002+00:00
[2023-11-29 15:18:27,561] {standard_task_runner.py:52} INFO - Started process 5690 to run task
[2023-11-29 15:18:27,564] {standard_task_runner.py:79} INFO - Running: ['***', 'tasks', 'run', 'd_1_etl_FinalProject', 'get_data_from_api', 'manual__2023-11-29T15:18:25.802002+00:00', '--job-id', '100', '--raw', '--subdir', 'DAGS_FOLDER/d_1_etl_FinalProject.py', '--cfg-path', '/tmp/tmpoqxpblwl', '--error-file', '/tmp/tmp5my0uaj1']
[2023-11-29 15:18:27,565] {standard_task_runner.py:80} INFO - Job 100: Subtask get_data_from_api
[2023-11-29 15:18:27,633] {task_command.py:369} INFO - Running <TaskInstance: d_1_etl_FinalProject.get_data_from_api manual__2023-11-29T15:18:25.802002+00:00 [running]> on host 92ab6769debf
[2023-11-29 15:18:27,730] {taskinstance.py:1571} INFO - Exporting the following env vars:
AIRFLOW_CTX_DAG_OWNER=***
AIRFLOW_CTX_DAG_ID=d_1_etl_FinalProject
AIRFLOW_CTX_TASK_ID=get_data_from_api
AIRFLOW_CTX_EXECUTION_DATE=2023-11-29T15:18:25.802002+00:00
AIRFLOW_CTX_TRY_NUMBER=1
AIRFLOW_CTX_DAG_RUN_ID=manual__2023-11-29T15:18:25.802002+00:00
[2023-11-29 15:18:29,379] {python.py:173} INFO - Done. Returned value was: None
[2023-11-29 15:18:29,395] {taskinstance.py:1400} INFO - Marking task as SUCCESS. dag_id=d_1_etl_FinalProject, task_id=get_data_from_api, execution_date=20231129T151825, start_date=20231129T151827, end_date=20231129T151829
[2023-11-29 15:18:29,427] {local_task_job.py:156} INFO - Task exited with return code 0
[2023-11-29 15:18:29,480] {local_task_job.py:273} INFO - 1 downstream tasks scheduled from follow-on schedule check
