[2023-11-27 14:28:29,550] {taskinstance.py:1159} INFO - Dependencies all met for <TaskInstance: d_1_etl_FinalProject.get_data_from_api scheduled__2023-11-26T00:00:00+00:00 [queued]>
[2023-11-27 14:28:29,563] {taskinstance.py:1159} INFO - Dependencies all met for <TaskInstance: d_1_etl_FinalProject.get_data_from_api scheduled__2023-11-26T00:00:00+00:00 [queued]>
[2023-11-27 14:28:29,563] {taskinstance.py:1356} INFO - 
--------------------------------------------------------------------------------
[2023-11-27 14:28:29,564] {taskinstance.py:1357} INFO - Starting attempt 3 of 3
[2023-11-27 14:28:29,565] {taskinstance.py:1358} INFO - 
--------------------------------------------------------------------------------
[2023-11-27 14:28:29,585] {taskinstance.py:1377} INFO - Executing <Task(PythonOperator): get_data_from_api> on 2023-11-26 00:00:00+00:00
[2023-11-27 14:28:29,596] {standard_task_runner.py:52} INFO - Started process 2779 to run task
[2023-11-27 14:28:29,610] {standard_task_runner.py:79} INFO - Running: ['***', 'tasks', 'run', 'd_1_etl_FinalProject', 'get_data_from_api', 'scheduled__2023-11-26T00:00:00+00:00', '--job-id', '56', '--raw', '--subdir', 'DAGS_FOLDER/d_1_etl_FinalProject.py', '--cfg-path', '/tmp/tmprl0j5i43', '--error-file', '/tmp/tmpfzl8njik']
[2023-11-27 14:28:29,611] {standard_task_runner.py:80} INFO - Job 56: Subtask get_data_from_api
[2023-11-27 14:28:29,779] {task_command.py:369} INFO - Running <TaskInstance: d_1_etl_FinalProject.get_data_from_api scheduled__2023-11-26T00:00:00+00:00 [running]> on host 92ab6769debf
[2023-11-27 14:28:29,915] {taskinstance.py:1571} INFO - Exporting the following env vars:
AIRFLOW_CTX_DAG_OWNER=***
AIRFLOW_CTX_DAG_ID=d_1_etl_FinalProject
AIRFLOW_CTX_TASK_ID=get_data_from_api
AIRFLOW_CTX_EXECUTION_DATE=2023-11-26T00:00:00+00:00
AIRFLOW_CTX_TRY_NUMBER=3
AIRFLOW_CTX_DAG_RUN_ID=scheduled__2023-11-26T00:00:00+00:00
[2023-11-27 14:28:31,511] {python.py:173} INFO - Done. Returned value was: None
[2023-11-27 14:28:31,526] {taskinstance.py:1400} INFO - Marking task as SUCCESS. dag_id=d_1_etl_FinalProject, task_id=get_data_from_api, execution_date=20231126T000000, start_date=20231127T142829, end_date=20231127T142831
[2023-11-27 14:28:31,558] {local_task_job.py:156} INFO - Task exited with return code 0
[2023-11-27 14:28:31,598] {local_task_job.py:273} INFO - 1 downstream tasks scheduled from follow-on schedule check
