[2023-11-28 16:36:58,737] {taskinstance.py:1159} INFO - Dependencies all met for <TaskInstance: d_1_etl_FinalProject.generate_dim manual__2023-11-27T14:17:35.380197+00:00 [queued]>
[2023-11-28 16:36:58,750] {taskinstance.py:1159} INFO - Dependencies all met for <TaskInstance: d_1_etl_FinalProject.generate_dim manual__2023-11-27T14:17:35.380197+00:00 [queued]>
[2023-11-28 16:36:58,751] {taskinstance.py:1356} INFO - 
--------------------------------------------------------------------------------
[2023-11-28 16:36:58,751] {taskinstance.py:1357} INFO - Starting attempt 15 of 15
[2023-11-28 16:36:58,752] {taskinstance.py:1358} INFO - 
--------------------------------------------------------------------------------
[2023-11-28 16:36:58,773] {taskinstance.py:1377} INFO - Executing <Task(PythonOperator): generate_dim> on 2023-11-27 14:17:35.380197+00:00
[2023-11-28 16:36:58,802] {standard_task_runner.py:79} INFO - Running: ['***', 'tasks', 'run', 'd_1_etl_FinalProject', 'generate_dim', 'manual__2023-11-27T14:17:35.380197+00:00', '--job-id', '83', '--raw', '--subdir', 'DAGS_FOLDER/d_1_etl_FinalProject.py', '--cfg-path', '/tmp/tmpk3o08kha', '--error-file', '/tmp/tmpdgz3fdp0']
[2023-11-28 16:36:58,801] {standard_task_runner.py:52} INFO - Started process 14852 to run task
[2023-11-28 16:36:58,803] {standard_task_runner.py:80} INFO - Job 83: Subtask generate_dim
[2023-11-28 16:36:59,018] {task_command.py:369} INFO - Running <TaskInstance: d_1_etl_FinalProject.generate_dim manual__2023-11-27T14:17:35.380197+00:00 [running]> on host 92ab6769debf
[2023-11-28 16:36:59,191] {taskinstance.py:1571} INFO - Exporting the following env vars:
AIRFLOW_CTX_DAG_OWNER=***
AIRFLOW_CTX_DAG_ID=d_1_etl_FinalProject
AIRFLOW_CTX_TASK_ID=generate_dim
AIRFLOW_CTX_EXECUTION_DATE=2023-11-27T14:17:35.380197+00:00
AIRFLOW_CTX_TRY_NUMBER=15
AIRFLOW_CTX_DAG_RUN_ID=manual__2023-11-27T14:17:35.380197+00:00
[2023-11-28 16:37:00,404] {python.py:173} INFO - Done. Returned value was: None
[2023-11-28 16:37:00,417] {taskinstance.py:1400} INFO - Marking task as SUCCESS. dag_id=d_1_etl_FinalProject, task_id=generate_dim, execution_date=20231127T141735, start_date=20231128T163658, end_date=20231128T163700
[2023-11-28 16:37:00,439] {local_task_job.py:156} INFO - Task exited with return code 0
[2023-11-28 16:37:00,478] {local_task_job.py:273} INFO - 2 downstream tasks scheduled from follow-on schedule check
