[2023-11-29 15:18:30,545] {taskinstance.py:1159} INFO - Dependencies all met for <TaskInstance: d_1_etl_FinalProject.generate_dim manual__2023-11-29T15:18:25.802002+00:00 [queued]>
[2023-11-29 15:18:30,554] {taskinstance.py:1159} INFO - Dependencies all met for <TaskInstance: d_1_etl_FinalProject.generate_dim manual__2023-11-29T15:18:25.802002+00:00 [queued]>
[2023-11-29 15:18:30,555] {taskinstance.py:1356} INFO - 
--------------------------------------------------------------------------------
[2023-11-29 15:18:30,556] {taskinstance.py:1357} INFO - Starting attempt 1 of 1
[2023-11-29 15:18:30,556] {taskinstance.py:1358} INFO - 
--------------------------------------------------------------------------------
[2023-11-29 15:18:30,571] {taskinstance.py:1377} INFO - Executing <Task(PythonOperator): generate_dim> on 2023-11-29 15:18:25.802002+00:00
[2023-11-29 15:18:30,584] {standard_task_runner.py:52} INFO - Started process 5693 to run task
[2023-11-29 15:18:30,586] {standard_task_runner.py:79} INFO - Running: ['***', 'tasks', 'run', 'd_1_etl_FinalProject', 'generate_dim', 'manual__2023-11-29T15:18:25.802002+00:00', '--job-id', '101', '--raw', '--subdir', 'DAGS_FOLDER/d_1_etl_FinalProject.py', '--cfg-path', '/tmp/tmpr05jzy6k', '--error-file', '/tmp/tmp7gus6ail']
[2023-11-29 15:18:30,588] {standard_task_runner.py:80} INFO - Job 101: Subtask generate_dim
[2023-11-29 15:18:30,647] {task_command.py:369} INFO - Running <TaskInstance: d_1_etl_FinalProject.generate_dim manual__2023-11-29T15:18:25.802002+00:00 [running]> on host 92ab6769debf
[2023-11-29 15:18:30,783] {taskinstance.py:1571} INFO - Exporting the following env vars:
AIRFLOW_CTX_DAG_OWNER=***
AIRFLOW_CTX_DAG_ID=d_1_etl_FinalProject
AIRFLOW_CTX_TASK_ID=generate_dim
AIRFLOW_CTX_EXECUTION_DATE=2023-11-29T15:18:25.802002+00:00
AIRFLOW_CTX_TRY_NUMBER=1
AIRFLOW_CTX_DAG_RUN_ID=manual__2023-11-29T15:18:25.802002+00:00
[2023-11-29 15:18:31,284] {python.py:173} INFO - Done. Returned value was: None
[2023-11-29 15:18:31,296] {taskinstance.py:1400} INFO - Marking task as SUCCESS. dag_id=d_1_etl_FinalProject, task_id=generate_dim, execution_date=20231129T151825, start_date=20231129T151830, end_date=20231129T151831
[2023-11-29 15:18:31,323] {local_task_job.py:156} INFO - Task exited with return code 0
[2023-11-29 15:18:31,358] {local_task_job.py:273} INFO - 2 downstream tasks scheduled from follow-on schedule check
