[2023-11-29 16:25:59,065] {taskinstance.py:1159} INFO - Dependencies all met for <TaskInstance: d_1_etl_FinalProject.insert_province_daily manual__2023-11-29T15:18:25.802002+00:00 [queued]>
[2023-11-29 16:25:59,077] {taskinstance.py:1159} INFO - Dependencies all met for <TaskInstance: d_1_etl_FinalProject.insert_province_daily manual__2023-11-29T15:18:25.802002+00:00 [queued]>
[2023-11-29 16:25:59,078] {taskinstance.py:1356} INFO - 
--------------------------------------------------------------------------------
[2023-11-29 16:25:59,079] {taskinstance.py:1357} INFO - Starting attempt 8 of 8
[2023-11-29 16:25:59,079] {taskinstance.py:1358} INFO - 
--------------------------------------------------------------------------------
[2023-11-29 16:25:59,098] {taskinstance.py:1377} INFO - Executing <Task(PythonOperator): insert_province_daily> on 2023-11-29 15:18:25.802002+00:00
[2023-11-29 16:25:59,118] {standard_task_runner.py:52} INFO - Started process 7182 to run task
[2023-11-29 16:25:59,122] {standard_task_runner.py:79} INFO - Running: ['***', 'tasks', 'run', 'd_1_etl_FinalProject', 'insert_province_daily', 'manual__2023-11-29T15:18:25.802002+00:00', '--job-id', '117', '--raw', '--subdir', 'DAGS_FOLDER/d_1_etl_FinalProject.py', '--cfg-path', '/tmp/tmpvhcrlhmi', '--error-file', '/tmp/tmpy7_xc4q4']
[2023-11-29 16:25:59,123] {standard_task_runner.py:80} INFO - Job 117: Subtask insert_province_daily
[2023-11-29 16:25:59,273] {task_command.py:369} INFO - Running <TaskInstance: d_1_etl_FinalProject.insert_province_daily manual__2023-11-29T15:18:25.802002+00:00 [running]> on host 92ab6769debf
[2023-11-29 16:25:59,436] {taskinstance.py:1571} INFO - Exporting the following env vars:
AIRFLOW_CTX_DAG_OWNER=***
AIRFLOW_CTX_DAG_ID=d_1_etl_FinalProject
AIRFLOW_CTX_TASK_ID=insert_province_daily
AIRFLOW_CTX_EXECUTION_DATE=2023-11-29T15:18:25.802002+00:00
AIRFLOW_CTX_TRY_NUMBER=8
AIRFLOW_CTX_DAG_RUN_ID=manual__2023-11-29T15:18:25.802002+00:00
[2023-11-29 16:25:59,823] {python.py:173} INFO - Done. Returned value was: None
[2023-11-29 16:25:59,857] {taskinstance.py:1400} INFO - Marking task as SUCCESS. dag_id=d_1_etl_FinalProject, task_id=insert_province_daily, execution_date=20231129T151825, start_date=20231129T162559, end_date=20231129T162559
[2023-11-29 16:25:59,899] {local_task_job.py:156} INFO - Task exited with return code 0
[2023-11-29 16:25:59,930] {local_task_job.py:273} INFO - 0 downstream tasks scheduled from follow-on schedule check
