[2023-11-29 16:19:31,943] {taskinstance.py:1159} INFO - Dependencies all met for <TaskInstance: d_1_etl_FinalProject.insert_province_daily manual__2023-11-29T15:18:25.802002+00:00 [queued]>
[2023-11-29 16:19:31,954] {taskinstance.py:1159} INFO - Dependencies all met for <TaskInstance: d_1_etl_FinalProject.insert_province_daily manual__2023-11-29T15:18:25.802002+00:00 [queued]>
[2023-11-29 16:19:31,955] {taskinstance.py:1356} INFO - 
--------------------------------------------------------------------------------
[2023-11-29 16:19:31,955] {taskinstance.py:1357} INFO - Starting attempt 7 of 7
[2023-11-29 16:19:31,956] {taskinstance.py:1358} INFO - 
--------------------------------------------------------------------------------
[2023-11-29 16:19:31,973] {taskinstance.py:1377} INFO - Executing <Task(PythonOperator): insert_province_daily> on 2023-11-29 15:18:25.802002+00:00
[2023-11-29 16:19:31,990] {standard_task_runner.py:52} INFO - Started process 7042 to run task
[2023-11-29 16:19:31,993] {standard_task_runner.py:79} INFO - Running: ['***', 'tasks', 'run', 'd_1_etl_FinalProject', 'insert_province_daily', 'manual__2023-11-29T15:18:25.802002+00:00', '--job-id', '116', '--raw', '--subdir', 'DAGS_FOLDER/d_1_etl_FinalProject.py', '--cfg-path', '/tmp/tmpc4f9mcu_', '--error-file', '/tmp/tmpf1rowzx5']
[2023-11-29 16:19:31,994] {standard_task_runner.py:80} INFO - Job 116: Subtask insert_province_daily
[2023-11-29 16:19:32,067] {task_command.py:369} INFO - Running <TaskInstance: d_1_etl_FinalProject.insert_province_daily manual__2023-11-29T15:18:25.802002+00:00 [running]> on host 92ab6769debf
[2023-11-29 16:19:32,152] {taskinstance.py:1571} INFO - Exporting the following env vars:
AIRFLOW_CTX_DAG_OWNER=***
AIRFLOW_CTX_DAG_ID=d_1_etl_FinalProject
AIRFLOW_CTX_TASK_ID=insert_province_daily
AIRFLOW_CTX_EXECUTION_DATE=2023-11-29T15:18:25.802002+00:00
AIRFLOW_CTX_TRY_NUMBER=7
AIRFLOW_CTX_DAG_RUN_ID=manual__2023-11-29T15:18:25.802002+00:00
[2023-11-29 16:19:32,333] {python.py:173} INFO - Done. Returned value was: None
[2023-11-29 16:19:32,345] {taskinstance.py:1400} INFO - Marking task as SUCCESS. dag_id=d_1_etl_FinalProject, task_id=insert_province_daily, execution_date=20231129T151825, start_date=20231129T161931, end_date=20231129T161932
[2023-11-29 16:19:32,369] {local_task_job.py:156} INFO - Task exited with return code 0
[2023-11-29 16:19:32,403] {local_task_job.py:273} INFO - 0 downstream tasks scheduled from follow-on schedule check
