[2023-11-28 08:22:18,542] {taskinstance.py:1159} INFO - Dependencies all met for <TaskInstance: d_1_etl_FinalProject.generate_dim scheduled__2023-11-27T00:00:00+00:00 [queued]>
[2023-11-28 08:22:18,558] {taskinstance.py:1159} INFO - Dependencies all met for <TaskInstance: d_1_etl_FinalProject.generate_dim scheduled__2023-11-27T00:00:00+00:00 [queued]>
[2023-11-28 08:22:18,559] {taskinstance.py:1356} INFO - 
--------------------------------------------------------------------------------
[2023-11-28 08:22:18,560] {taskinstance.py:1357} INFO - Starting attempt 1 of 1
[2023-11-28 08:22:18,560] {taskinstance.py:1358} INFO - 
--------------------------------------------------------------------------------
[2023-11-28 08:22:18,583] {taskinstance.py:1377} INFO - Executing <Task(PythonOperator): generate_dim> on 2023-11-27 00:00:00+00:00
[2023-11-28 08:22:18,588] {standard_task_runner.py:52} INFO - Started process 211 to run task
[2023-11-28 08:22:18,592] {standard_task_runner.py:79} INFO - Running: ['***', 'tasks', 'run', 'd_1_etl_FinalProject', 'generate_dim', 'scheduled__2023-11-27T00:00:00+00:00', '--job-id', '67', '--raw', '--subdir', 'DAGS_FOLDER/d_1_etl_FinalProject.py', '--cfg-path', '/tmp/tmph9bm6xhu', '--error-file', '/tmp/tmpnxudsfdf']
[2023-11-28 08:22:18,593] {standard_task_runner.py:80} INFO - Job 67: Subtask generate_dim
[2023-11-28 08:22:18,670] {task_command.py:369} INFO - Running <TaskInstance: d_1_etl_FinalProject.generate_dim scheduled__2023-11-27T00:00:00+00:00 [running]> on host 92ab6769debf
[2023-11-28 08:22:18,784] {taskinstance.py:1571} INFO - Exporting the following env vars:
AIRFLOW_CTX_DAG_OWNER=***
AIRFLOW_CTX_DAG_ID=d_1_etl_FinalProject
AIRFLOW_CTX_TASK_ID=generate_dim
AIRFLOW_CTX_EXECUTION_DATE=2023-11-27T00:00:00+00:00
AIRFLOW_CTX_TRY_NUMBER=1
AIRFLOW_CTX_DAG_RUN_ID=scheduled__2023-11-27T00:00:00+00:00
[2023-11-28 08:22:18,786] {python.py:173} INFO - Done. Returned value was: None
[2023-11-28 08:22:18,805] {taskinstance.py:1400} INFO - Marking task as SUCCESS. dag_id=d_1_etl_FinalProject, task_id=generate_dim, execution_date=20231127T000000, start_date=20231128T082218, end_date=20231128T082218
[2023-11-28 08:22:18,847] {local_task_job.py:156} INFO - Task exited with return code 0
[2023-11-28 08:22:18,886] {local_task_job.py:273} INFO - 2 downstream tasks scheduled from follow-on schedule check
